2020-03-10 21:57:18.996  INFO 1176 --- [restartedMain] l.duanfu.community.CommunityApplication  : Starting CommunityApplication on LAPTOP-TM88SOE4 with PID 1176 (started by 16584 in D:\毕设项目\community)
2020-03-10 21:57:18.996  INFO 1176 --- [restartedMain] l.duanfu.community.CommunityApplication  : No active profile set, falling back to default profiles: default
2020-03-10 21:57:19.346  INFO 1176 --- [restartedMain] o.s.b.w.embedded.tomcat.TomcatWebServer  : Tomcat initialized with port(s): 8888 (http)
2020-03-10 21:57:19.346  INFO 1176 --- [restartedMain] o.apache.catalina.core.StandardService   : Starting service [Tomcat]
2020-03-10 21:57:19.346  INFO 1176 --- [restartedMain] org.apache.catalina.core.StandardEngine  : Starting Servlet engine: [Apache Tomcat/9.0.30]
2020-03-10 21:57:19.414  INFO 1176 --- [restartedMain] o.a.c.c.C.[Tomcat-10].[localhost].[/]    : Initializing Spring embedded WebApplicationContext
2020-03-10 21:57:19.414  INFO 1176 --- [restartedMain] o.s.web.context.ContextLoader            : Root WebApplicationContext: initialization completed in 414 ms
2020-03-10 21:57:19.437  INFO 1176 --- [restartedMain] com.zaxxer.hikari.HikariDataSource       : HikariPool-29 - Starting...
2020-03-10 21:57:19.469  INFO 1176 --- [restartedMain] com.zaxxer.hikari.HikariDataSource       : HikariPool-29 - Start completed.
2020-03-10 21:57:19.469  INFO 1176 --- [restartedMain] o.s.b.a.h2.H2ConsoleAutoConfiguration    : H2 console available at '/h2-console'. Database available at 'jdbc:h2:~/community'
2020-03-10 21:57:19.753  INFO 1176 --- [restartedMain] o.s.s.concurrent.ThreadPoolTaskExecutor  : Initializing ExecutorService 'applicationTaskExecutor'
2020-03-10 21:57:19.775  INFO 1176 --- [restartedMain] o.s.b.a.w.s.WelcomePageHandlerMapping    : Adding welcome page template: index
2020-03-10 21:57:19.891  INFO 1176 --- [restartedMain] o.s.b.d.a.OptionalLiveReloadServer       : LiveReload server is running on port 35729
2020-03-10 21:57:19.909  INFO 1176 --- [restartedMain] o.s.b.w.embedded.tomcat.TomcatWebServer  : Tomcat started on port(s): 8888 (http) with context path ''
2020-03-10 21:57:19.910  INFO 1176 --- [restartedMain] l.duanfu.community.CommunityApplication  : Started CommunityApplication in 1.087 seconds (JVM running for 17368.491)
2020-03-10 21:57:19.912  INFO 1176 --- [http-nio-8888-exec-3] o.a.c.c.C.[Tomcat-10].[localhost].[/]    : Initializing Spring DispatcherServlet 'dispatcherServlet'
2020-03-10 21:57:19.914  INFO 1176 --- [http-nio-8888-exec-3] o.s.web.servlet.DispatcherServlet        : Initializing Servlet 'dispatcherServlet'
2020-03-10 21:57:19.914  INFO 1176 --- [restartedMain] .ConditionEvaluationDeltaLoggingListener : Condition evaluation unchanged
2020-03-10 21:57:19.918  INFO 1176 --- [http-nio-8888-exec-3] o.s.web.servlet.DispatcherServlet        : Completed initialization in 4 ms
2020-03-10 21:59:54.754  INFO 1176 --- [Thread-138] o.s.s.concurrent.ThreadPoolTaskExecutor  : Shutting down ExecutorService 'applicationTaskExecutor'
2020-03-10 21:59:54.754  INFO 1176 --- [Thread-138] com.zaxxer.hikari.HikariDataSource       : HikariPool-29 - Shutdown initiated...
2020-03-10 21:59:54.966  INFO 1176 --- [Thread-138] com.zaxxer.hikari.HikariDataSource       : HikariPool-29 - Shutdown completed.
